<?xml version="1.0" encoding="UTF-8"?>
<testng-results skipped="0" failed="0" total="1" passed="1">
  <reporter-output>
  </reporter-output>
  <suite name="Default suite" duration-ms="8071" started-at="2017-08-05T03:10:28Z" finished-at="2017-08-05T03:10:37Z">
    <groups>
    </groups>
    <test name="Default test" duration-ms="8071" started-at="2017-08-05T03:10:28Z" finished-at="2017-08-05T03:10:37Z">
      <class name="LaunchAppp">
        <test-method status="PASS" signature="myMainTest()[pri:0, instance:LaunchAppp@523884b2]" name="myMainTest" duration-ms="8047" started-at="2017-08-05T08:40:29Z" finished-at="2017-08-05T08:40:37Z">
          <reporter-output>
          </reporter-output>
        </test-method> <!-- myMainTest -->
      </class> <!-- LaunchAppp -->
    </test> <!-- Default test -->
  </suite> <!-- Default suite -->
</testng-results>
